2021-08-01 14:43:20.759  INFO 27724 --- [main] c.u.s.product.ProductrestapiApplication  : Starting ProductrestapiApplication using Java 11.0.8 on LHTU05CG050CCZ0 with PID 27724 (C:\Users\asinha37\AviRepo\SpringBoot\productrestapi\target\classes started by asinha37 in C:\Users\asinha37\AviRepo\SpringBoot\productrestapi)
2021-08-01 14:43:20.763  INFO 27724 --- [main] c.u.s.product.ProductrestapiApplication  : No active profile set, falling back to default profiles: default
2021-08-01 14:43:21.476  INFO 27724 --- [main] .s.d.r.c.RepositoryConfigurationDelegate : Bootstrapping Spring Data JPA repositories in DEFAULT mode.
2021-08-01 14:43:21.549  INFO 27724 --- [main] .s.d.r.c.RepositoryConfigurationDelegate : Finished Spring Data repository scanning in 63 ms. Found 1 JPA repository interfaces.
2021-08-01 14:43:22.158  INFO 27724 --- [main] o.s.b.w.embedded.tomcat.TomcatWebServer  : Tomcat initialized with port(s): 8080 (http)
2021-08-01 14:43:22.169  INFO 27724 --- [main] o.apache.catalina.core.StandardService   : Starting service [Tomcat]
2021-08-01 14:43:22.170  INFO 27724 --- [main] org.apache.catalina.core.StandardEngine  : Starting Servlet engine: [Apache Tomcat/9.0.50]
2021-08-01 14:43:22.357  INFO 27724 --- [main] o.a.c.c.C.[.[localhost].[/productapi]    : Initializing Spring embedded WebApplicationContext
2021-08-01 14:43:22.358  INFO 27724 --- [main] w.s.c.ServletWebServerApplicationContext : Root WebApplicationContext: initialization completed in 1537 ms
2021-08-01 14:43:22.604  INFO 27724 --- [main] o.hibernate.jpa.internal.util.LogHelper  : HHH000204: Processing PersistenceUnitInfo [name: default]
2021-08-01 14:43:22.663  INFO 27724 --- [main] org.hibernate.Version                    : HHH000412: Hibernate ORM core version 5.4.32.Final
2021-08-01 14:43:22.830  INFO 27724 --- [main] o.hibernate.annotations.common.Version   : HCANN000001: Hibernate Commons Annotations {5.1.2.Final}
2021-08-01 14:43:22.955  INFO 27724 --- [main] com.zaxxer.hikari.HikariDataSource       : HikariPool-1 - Starting...
2021-08-01 14:43:23.484  INFO 27724 --- [main] com.zaxxer.hikari.HikariDataSource       : HikariPool-1 - Start completed.
2021-08-01 14:43:23.504  INFO 27724 --- [main] org.hibernate.dialect.Dialect            : HHH000400: Using dialect: org.hibernate.dialect.MySQL5InnoDBDialect
2021-08-01 14:43:24.321  INFO 27724 --- [main] o.h.e.t.j.p.i.JtaPlatformInitiator       : HHH000490: Using JtaPlatform implementation: [org.hibernate.engine.transaction.jta.platform.internal.NoJtaPlatform]
2021-08-01 14:43:24.334  INFO 27724 --- [main] j.LocalContainerEntityManagerFactoryBean : Initialized JPA EntityManagerFactory for persistence unit 'default'
2021-08-01 14:43:24.733  WARN 27724 --- [main] JpaBaseConfiguration$JpaWebConfiguration : spring.jpa.open-in-view is enabled by default. Therefore, database queries may be performed during view rendering. Explicitly configure spring.jpa.open-in-view to disable this warning
2021-08-01 14:43:25.189  INFO 27724 --- [main] o.s.b.w.embedded.tomcat.TomcatWebServer  : Tomcat started on port(s): 8080 (http) with context path '/productapi'
2021-08-01 14:43:25.201  INFO 27724 --- [main] c.u.s.product.ProductrestapiApplication  : Started ProductrestapiApplication in 4.959 seconds (JVM running for 7.207)
